<?xml version="1.0" encoding="UTF-8"?>
<!-- Generated by org.testng.reporters.JUnitReportReporter -->
<testsuite hostname="DESKTOP-DJ4FDME" failures="0" tests="1" name="org.wipro.uo.automation.testcases.LoginTestScenario" time="4.580" errors="0" timestamp="2025-02-24T00:10:16 IST" skipped="0">
  <testcase classname="org.wipro.uo.automation.testcases.LoginTestScenario" name="validateLoginFunc" time="4.580"/>
</testsuite> <!-- org.wipro.uo.automation.testcases.LoginTestScenario -->
